<?xml version="1.0" encoding="UTF-8"?>
<testsuite name="net.hostelHub.MultiTenancyHostelSoftwareApplicationTests" tests="1" skipped="0" failures="0" errors="0" timestamp="2023-09-20T08:27:35" hostname="HUNS-IACADEMY" time="1.349">
  <properties/>
  <testcase name="contextLoads()" classname="net.hostelHub.MultiTenancyHostelSoftwareApplicationTests" time="1.349"/>
  <system-out><![CDATA[Standard Commons Logging discovery in action with spring-jcl: please remove commons-logging.jar from classpath in order to avoid potential conflicts
09:26:28.991 [Test worker] INFO org.springframework.test.context.support.AnnotationConfigContextLoaderUtils -- Could not detect default configuration classes for test class [net.hostelHub.MultiTenancyHostelSoftwareApplicationTests]: MultiTenancyHostelSoftwareApplicationTests does not declare any static, non-private, non-final, nested classes annotated with @Configuration.
09:26:29.118 [Test worker] INFO org.springframework.boot.test.context.SpringBootTestContextBootstrapper -- Found @SpringBootConfiguration net.hostelHub.MultiTenancyHostelSoftwareApplication for test class net.hostelHub.MultiTenancyHostelSoftwareApplicationTests

  .   ____          _            __ _ _
 /\\ / ___'_ __ _ _(_)_ __  __ _ \ \ \ \
( ( )\___ | '_ | '_| | '_ \/ _` | \ \ \ \
 \\/  ___)| |_)| | | | | || (_| |  ) ) ) )
  '  |____| .__|_| |_|_| |_\__, | / / / /
 =========|_|==============|___/=/_/_/_/
 :: Spring Boot ::                (v3.1.3)

2023-09-20T09:26:29.619+01:00  INFO 4652 --- [    Test worker] ltiTenancyHostelSoftwareApplicationTests : Starting MultiTenancyHostelSoftwareApplicationTests using Java 20 with PID 4652 (started by Moses.Hunsu in C:\Users\moses.hunsu\JavaProjects\SpringProjects\multi-tenancy-hostel-software)
2023-09-20T09:26:29.622+01:00  INFO 4652 --- [    Test worker] ltiTenancyHostelSoftwareApplicationTests : No active profile set, falling back to 1 default profile: "default"
2023-09-20T09:26:30.705+01:00  INFO 4652 --- [    Test worker] .s.d.r.c.RepositoryConfigurationDelegate : Bootstrapping Spring Data JPA repositories in DEFAULT mode.
2023-09-20T09:26:31.008+01:00  INFO 4652 --- [    Test worker] .s.d.r.c.RepositoryConfigurationDelegate : Finished Spring Data repository scanning in 293 ms. Found 10 JPA repository interfaces.
2023-09-20T09:26:31.719+01:00  INFO 4652 --- [    Test worker] o.hibernate.jpa.internal.util.LogHelper  : HHH000204: Processing PersistenceUnitInfo [name: default]
2023-09-20T09:26:31.776+01:00  INFO 4652 --- [    Test worker] org.hibernate.Version                    : HHH000412: Hibernate ORM core version 6.2.7.Final
2023-09-20T09:26:31.779+01:00  INFO 4652 --- [    Test worker] org.hibernate.cfg.Environment            : HHH000406: Using bytecode reflection optimizer
2023-09-20T09:26:31.942+01:00  INFO 4652 --- [    Test worker] o.h.b.i.BytecodeProviderInitiator        : HHH000021: Bytecode provider name : bytebuddy
2023-09-20T09:26:32.130+01:00  INFO 4652 --- [    Test worker] o.s.o.j.p.SpringPersistenceUnitInfo      : No LoadTimeWeaver setup: ignoring JPA class transformer
2023-09-20T09:26:32.150+01:00  INFO 4652 --- [    Test worker] com.zaxxer.hikari.HikariDataSource       : HikariPool-1 - Starting...
2023-09-20T09:26:36.964+01:00  INFO 4652 --- [    Test worker] com.zaxxer.hikari.pool.HikariPool        : HikariPool-1 - Added connection com.mysql.cj.jdbc.ConnectionImpl@774013dc
2023-09-20T09:26:36.969+01:00  INFO 4652 --- [    Test worker] com.zaxxer.hikari.HikariDataSource       : HikariPool-1 - Start completed.
2023-09-20T09:26:37.970+01:00  INFO 4652 --- [    Test worker] o.h.b.i.BytecodeProviderInitiator        : HHH000021: Bytecode provider name : bytebuddy
2023-09-20T09:26:39.064+01:00  INFO 4652 --- [    Test worker] o.h.e.t.j.p.i.JtaPlatformInitiator       : HHH000490: Using JtaPlatform implementation: [org.hibernate.engine.transaction.jta.platform.internal.NoJtaPlatform]
2023-09-20T09:27:30.639+01:00  INFO 4652 --- [    Test worker] j.LocalContainerEntityManagerFactoryBean : Initialized JPA EntityManagerFactory for persistence unit 'default'
2023-09-20T09:27:31.642+01:00  INFO 4652 --- [    Test worker] o.s.d.j.r.query.QueryEnhancerFactory     : Hibernate is in classpath; If applicable, HQL parser will be used.
2023-09-20T09:27:34.102+01:00  WARN 4652 --- [    Test worker] JpaBaseConfiguration$JpaWebConfiguration : spring.jpa.open-in-view is enabled by default. Therefore, database queries may be performed during view rendering. Explicitly configure spring.jpa.open-in-view to disable this warning
2023-09-20T09:27:34.940+01:00  INFO 4652 --- [    Test worker] o.s.s.web.DefaultSecurityFilterChain     : Will secure any request with [org.springframework.security.web.session.DisableEncodeUrlFilter@62f2811, org.springframework.security.web.context.request.async.WebAsyncManagerIntegrationFilter@74baefb0, org.springframework.security.web.context.SecurityContextHolderFilter@2f67401, org.springframework.security.web.header.HeaderWriterFilter@42cb8174, org.springframework.web.filter.CorsFilter@3a96b5a1, org.springframework.security.web.authentication.logout.LogoutFilter@353ab9e5, net.hostelHub.filter.JwtAuthenticationFilter@6846e4e8, org.springframework.security.web.authentication.UsernamePasswordAuthenticationFilter@7c453a1f, org.springframework.security.web.authentication.ui.DefaultLoginPageGeneratingFilter@1fe8a2fc, org.springframework.security.web.authentication.ui.DefaultLogoutPageGeneratingFilter@5aa2168f, org.springframework.security.web.authentication.www.BasicAuthenticationFilter@5ae50044, org.springframework.security.web.savedrequest.RequestCacheAwareFilter@7e1321fd, org.springframework.security.web.servletapi.SecurityContextHolderAwareRequestFilter@2131229e, org.springframework.security.web.authentication.AnonymousAuthenticationFilter@25b2d26a, org.springframework.security.web.session.SessionManagementFilter@59711ea7, org.springframework.security.web.access.ExceptionTranslationFilter@4d94b0af, org.springframework.security.web.access.intercept.AuthorizationFilter@d9c54cd]
2023-09-20T09:27:35.871+01:00  INFO 4652 --- [    Test worker] ltiTenancyHostelSoftwareApplicationTests : Started MultiTenancyHostelSoftwareApplicationTests in 66.546 seconds (process running for 68.06)
]]></system-out>
  <system-err><![CDATA[]]></system-err>
</testsuite>
