<?xml version="1.0" encoding="UTF-8"?>
<testsuite name="net.hostelHub.service.HostelPropertyServiceTests" tests="1" skipped="0" failures="0" errors="0" timestamp="2023-09-17T22:05:05" hostname="HUNS-IACADEMY" time="0.468">
  <properties/>
  <testcase name="JUnit test for register property method" classname="net.hostelHub.service.HostelPropertyServiceTests" time="0.468"/>
  <system-out><![CDATA[hostelPropertyRequest = net.hostelHub.dto.properties.HostelPropertyRequest@589b0021
savedHostelProperty = <200 OK OK,Response(responseCode=003, responseMessage=Property successfully added, data=Data(uniqueCode=161522, email=moses@gmail.com, username=moses)),[]>
]]></system-out>
  <system-err><![CDATA[]]></system-err>
</testsuite>
