<?xml version="1.0" encoding="UTF-8"?>
<testsuite name="net.hostelHub.MultiTenancyHostelSoftwareApplicationTests" tests="1" skipped="0" failures="0" errors="0" timestamp="2023-09-17T21:48:48" hostname="HUNS-IACADEMY" time="1.344">
  <properties/>
  <testcase name="contextLoads()" classname="net.hostelHub.MultiTenancyHostelSoftwareApplicationTests" time="1.344"/>
  <system-out><![CDATA[Standard Commons Logging discovery in action with spring-jcl: please remove commons-logging.jar from classpath in order to avoid potential conflicts
22:48:06.447 [Test worker] INFO org.springframework.test.context.support.AnnotationConfigContextLoaderUtils -- Could not detect default configuration classes for test class [net.hostelHub.MultiTenancyHostelSoftwareApplicationTests]: MultiTenancyHostelSoftwareApplicationTests does not declare any static, non-private, non-final, nested classes annotated with @Configuration.
22:48:06.595 [Test worker] INFO org.springframework.boot.test.context.SpringBootTestContextBootstrapper -- Found @SpringBootConfiguration net.hostelHub.MultiTenancyHostelSoftwareApplication for test class net.hostelHub.MultiTenancyHostelSoftwareApplicationTests

  .   ____          _            __ _ _
 /\\ / ___'_ __ _ _(_)_ __  __ _ \ \ \ \
( ( )\___ | '_ | '_| | '_ \/ _` | \ \ \ \
 \\/  ___)| |_)| | | | | || (_| |  ) ) ) )
  '  |____| .__|_| |_|_| |_\__, | / / / /
 =========|_|==============|___/=/_/_/_/
 :: Spring Boot ::                (v3.1.3)

2023-09-17T22:48:07.117+01:00  INFO 19652 --- [    Test worker] ltiTenancyHostelSoftwareApplicationTests : Starting MultiTenancyHostelSoftwareApplicationTests using Java 20 with PID 19652 (started by Moses.Hunsu in C:\Users\moses.hunsu\JavaProjects\SpringProjects\multi-tenancy-hostel-software)
2023-09-17T22:48:07.119+01:00  INFO 19652 --- [    Test worker] ltiTenancyHostelSoftwareApplicationTests : No active profile set, falling back to 1 default profile: "default"
2023-09-17T22:48:08.389+01:00  INFO 19652 --- [    Test worker] .s.d.r.c.RepositoryConfigurationDelegate : Bootstrapping Spring Data JPA repositories in DEFAULT mode.
2023-09-17T22:48:08.583+01:00  INFO 19652 --- [    Test worker] .s.d.r.c.RepositoryConfigurationDelegate : Finished Spring Data repository scanning in 186 ms. Found 10 JPA repository interfaces.
2023-09-17T22:48:09.895+01:00  INFO 19652 --- [    Test worker] o.hibernate.jpa.internal.util.LogHelper  : HHH000204: Processing PersistenceUnitInfo [name: default]
2023-09-17T22:48:10.159+01:00  INFO 19652 --- [    Test worker] org.hibernate.Version                    : HHH000412: Hibernate ORM core version 6.2.7.Final
2023-09-17T22:48:10.162+01:00  INFO 19652 --- [    Test worker] org.hibernate.cfg.Environment            : HHH000406: Using bytecode reflection optimizer
2023-09-17T22:48:10.416+01:00  INFO 19652 --- [    Test worker] o.h.b.i.BytecodeProviderInitiator        : HHH000021: Bytecode provider name : bytebuddy
2023-09-17T22:48:10.797+01:00  INFO 19652 --- [    Test worker] o.s.o.j.p.SpringPersistenceUnitInfo      : No LoadTimeWeaver setup: ignoring JPA class transformer
2023-09-17T22:48:10.842+01:00  INFO 19652 --- [    Test worker] com.zaxxer.hikari.HikariDataSource       : HikariPool-1 - Starting...
2023-09-17T22:48:16.867+01:00  INFO 19652 --- [    Test worker] com.zaxxer.hikari.pool.HikariPool        : HikariPool-1 - Added connection com.mysql.cj.jdbc.ConnectionImpl@36cf16a6
2023-09-17T22:48:16.872+01:00  INFO 19652 --- [    Test worker] com.zaxxer.hikari.HikariDataSource       : HikariPool-1 - Start completed.
2023-09-17T22:48:18.343+01:00  INFO 19652 --- [    Test worker] o.h.b.i.BytecodeProviderInitiator        : HHH000021: Bytecode provider name : bytebuddy
2023-09-17T22:48:21.402+01:00  INFO 19652 --- [    Test worker] o.h.e.t.j.p.i.JtaPlatformInitiator       : HHH000490: Using JtaPlatform implementation: [org.hibernate.engine.transaction.jta.platform.internal.NoJtaPlatform]
2023-09-17T22:48:46.038+01:00  INFO 19652 --- [    Test worker] j.LocalContainerEntityManagerFactoryBean : Initialized JPA EntityManagerFactory for persistence unit 'default'
2023-09-17T22:48:46.564+01:00  INFO 19652 --- [    Test worker] o.s.d.j.r.query.QueryEnhancerFactory     : Hibernate is in classpath; If applicable, HQL parser will be used.
2023-09-17T22:48:47.668+01:00  WARN 19652 --- [    Test worker] JpaBaseConfiguration$JpaWebConfiguration : spring.jpa.open-in-view is enabled by default. Therefore, database queries may be performed during view rendering. Explicitly configure spring.jpa.open-in-view to disable this warning
2023-09-17T22:48:48.119+01:00  INFO 19652 --- [    Test worker] o.s.s.web.DefaultSecurityFilterChain     : Will secure any request with [org.springframework.security.web.session.DisableEncodeUrlFilter@10e5c13c, org.springframework.security.web.context.request.async.WebAsyncManagerIntegrationFilter@56584f06, org.springframework.security.web.context.SecurityContextHolderFilter@2a4d34b2, org.springframework.security.web.header.HeaderWriterFilter@17fe4f0f, org.springframework.web.filter.CorsFilter@796ed904, org.springframework.security.web.authentication.logout.LogoutFilter@3df3e1e9, net.hostelHub.filter.JwtAuthenticationFilter@7537f638, org.springframework.security.web.authentication.UsernamePasswordAuthenticationFilter@43cbc87f, org.springframework.security.web.authentication.ui.DefaultLoginPageGeneratingFilter@32f0a9c2, org.springframework.security.web.authentication.ui.DefaultLogoutPageGeneratingFilter@7991e022, org.springframework.security.web.authentication.www.BasicAuthenticationFilter@4901ff51, org.springframework.security.web.savedrequest.RequestCacheAwareFilter@353ab9e5, org.springframework.security.web.servletapi.SecurityContextHolderAwareRequestFilter@4ba62429, org.springframework.security.web.authentication.AnonymousAuthenticationFilter@4743220d, org.springframework.security.web.session.SessionManagementFilter@38d583cd, org.springframework.security.web.access.ExceptionTranslationFilter@cc64e22, org.springframework.security.web.access.intercept.AuthorizationFilter@6c84e4ec]
2023-09-17T22:48:48.561+01:00  INFO 19652 --- [    Test worker] ltiTenancyHostelSoftwareApplicationTests : Started MultiTenancyHostelSoftwareApplicationTests in 41.751 seconds (process running for 43.406)
]]></system-out>
  <system-err><![CDATA[]]></system-err>
</testsuite>
