<?xml version="1.0" encoding="UTF-8"?>
<testsuite name="net.hostelHub.service.HostelPropertyServiceTests" tests="1" skipped="0" failures="0" errors="0" timestamp="2023-09-17T21:13:52" hostname="HUNS-IACADEMY" time="0.701">
  <properties/>
  <testcase name="JUnit test for register property method" classname="net.hostelHub.service.HostelPropertyServiceTests" time="0.701"/>
  <system-out><![CDATA[hostelPropertyRequest = net.hostelHub.dto.properties.HostelPropertyRequest@3e2d5b6
savedHostelProperty = <200 OK OK,Response(responseCode=003, responseMessage=Property successfully added, data=Data(uniqueCode=557364, email=moses@gmail.com, username=moses)),[]>
]]></system-out>
  <system-err><![CDATA[]]></system-err>
</testsuite>
