<?xml version="1.0" encoding="UTF-8"?>
<testsuite name="net.hostelHub.MultiTenancyHostelSoftwareApplicationTests" tests="1" skipped="0" failures="0" errors="0" timestamp="2023-09-18T05:26:45" hostname="HUNS-IACADEMY" time="1.333">
  <properties/>
  <testcase name="contextLoads()" classname="net.hostelHub.MultiTenancyHostelSoftwareApplicationTests" time="1.333"/>
  <system-out><![CDATA[Standard Commons Logging discovery in action with spring-jcl: please remove commons-logging.jar from classpath in order to avoid potential conflicts
06:25:52.842 [Test worker] INFO org.springframework.test.context.support.AnnotationConfigContextLoaderUtils -- Could not detect default configuration classes for test class [net.hostelHub.MultiTenancyHostelSoftwareApplicationTests]: MultiTenancyHostelSoftwareApplicationTests does not declare any static, non-private, non-final, nested classes annotated with @Configuration.
06:25:52.982 [Test worker] INFO org.springframework.boot.test.context.SpringBootTestContextBootstrapper -- Found @SpringBootConfiguration net.hostelHub.MultiTenancyHostelSoftwareApplication for test class net.hostelHub.MultiTenancyHostelSoftwareApplicationTests

  .   ____          _            __ _ _
 /\\ / ___'_ __ _ _(_)_ __  __ _ \ \ \ \
( ( )\___ | '_ | '_| | '_ \/ _` | \ \ \ \
 \\/  ___)| |_)| | | | | || (_| |  ) ) ) )
  '  |____| .__|_| |_|_| |_\__, | / / / /
 =========|_|==============|___/=/_/_/_/
 :: Spring Boot ::                (v3.1.3)

2023-09-18T06:25:53.489+01:00  INFO 10792 --- [    Test worker] ltiTenancyHostelSoftwareApplicationTests : Starting MultiTenancyHostelSoftwareApplicationTests using Java 20 with PID 10792 (started by Moses.Hunsu in C:\Users\moses.hunsu\JavaProjects\SpringProjects\multi-tenancy-hostel-software)
2023-09-18T06:25:53.491+01:00  INFO 10792 --- [    Test worker] ltiTenancyHostelSoftwareApplicationTests : No active profile set, falling back to 1 default profile: "default"
2023-09-18T06:25:54.577+01:00  INFO 10792 --- [    Test worker] .s.d.r.c.RepositoryConfigurationDelegate : Bootstrapping Spring Data JPA repositories in DEFAULT mode.
2023-09-18T06:25:54.824+01:00  INFO 10792 --- [    Test worker] .s.d.r.c.RepositoryConfigurationDelegate : Finished Spring Data repository scanning in 235 ms. Found 10 JPA repository interfaces.
2023-09-18T06:25:55.715+01:00  INFO 10792 --- [    Test worker] o.hibernate.jpa.internal.util.LogHelper  : HHH000204: Processing PersistenceUnitInfo [name: default]
2023-09-18T06:25:56.433+01:00  INFO 10792 --- [    Test worker] org.hibernate.Version                    : HHH000412: Hibernate ORM core version 6.2.7.Final
2023-09-18T06:25:56.439+01:00  INFO 10792 --- [    Test worker] org.hibernate.cfg.Environment            : HHH000406: Using bytecode reflection optimizer
2023-09-18T06:25:56.741+01:00  INFO 10792 --- [    Test worker] o.h.b.i.BytecodeProviderInitiator        : HHH000021: Bytecode provider name : bytebuddy
2023-09-18T06:25:56.944+01:00  INFO 10792 --- [    Test worker] o.s.o.j.p.SpringPersistenceUnitInfo      : No LoadTimeWeaver setup: ignoring JPA class transformer
2023-09-18T06:25:56.965+01:00  INFO 10792 --- [    Test worker] com.zaxxer.hikari.HikariDataSource       : HikariPool-1 - Starting...
2023-09-18T06:26:04.760+01:00  INFO 10792 --- [    Test worker] com.zaxxer.hikari.pool.HikariPool        : HikariPool-1 - Added connection com.mysql.cj.jdbc.ConnectionImpl@2f8f40cc
2023-09-18T06:26:04.766+01:00  INFO 10792 --- [    Test worker] com.zaxxer.hikari.HikariDataSource       : HikariPool-1 - Start completed.
2023-09-18T06:26:06.509+01:00  INFO 10792 --- [    Test worker] o.h.b.i.BytecodeProviderInitiator        : HHH000021: Bytecode provider name : bytebuddy
2023-09-18T06:26:07.431+01:00  INFO 10792 --- [    Test worker] o.h.e.t.j.p.i.JtaPlatformInitiator       : HHH000490: Using JtaPlatform implementation: [org.hibernate.engine.transaction.jta.platform.internal.NoJtaPlatform]
2023-09-18T06:26:41.727+01:00  INFO 10792 --- [    Test worker] j.LocalContainerEntityManagerFactoryBean : Initialized JPA EntityManagerFactory for persistence unit 'default'
2023-09-18T06:26:42.870+01:00  INFO 10792 --- [    Test worker] o.s.d.j.r.query.QueryEnhancerFactory     : Hibernate is in classpath; If applicable, HQL parser will be used.
2023-09-18T06:26:44.495+01:00  WARN 10792 --- [    Test worker] JpaBaseConfiguration$JpaWebConfiguration : spring.jpa.open-in-view is enabled by default. Therefore, database queries may be performed during view rendering. Explicitly configure spring.jpa.open-in-view to disable this warning
2023-09-18T06:26:44.980+01:00  INFO 10792 --- [    Test worker] o.s.s.web.DefaultSecurityFilterChain     : Will secure any request with [org.springframework.security.web.session.DisableEncodeUrlFilter@17746fcb, org.springframework.security.web.context.request.async.WebAsyncManagerIntegrationFilter@635ad140, org.springframework.security.web.context.SecurityContextHolderFilter@78b5b2f9, org.springframework.security.web.header.HeaderWriterFilter@5bdde886, org.springframework.web.filter.CorsFilter@3c703142, org.springframework.security.web.authentication.logout.LogoutFilter@60e72ced, net.hostelHub.filter.JwtAuthenticationFilter@4c006046, org.springframework.security.web.authentication.UsernamePasswordAuthenticationFilter@4743220d, org.springframework.security.web.authentication.ui.DefaultLoginPageGeneratingFilter@24945f50, org.springframework.security.web.authentication.ui.DefaultLogoutPageGeneratingFilter@1aef48f0, org.springframework.security.web.authentication.www.BasicAuthenticationFilter@72e6e93, org.springframework.security.web.savedrequest.RequestCacheAwareFilter@5c1d1aa6, org.springframework.security.web.servletapi.SecurityContextHolderAwareRequestFilter@39506f12, org.springframework.security.web.authentication.AnonymousAuthenticationFilter@2ed16651, org.springframework.security.web.session.SessionManagementFilter@5563630d, org.springframework.security.web.access.ExceptionTranslationFilter@32f0a9c2, org.springframework.security.web.access.intercept.AuthorizationFilter@796ed904]
2023-09-18T06:26:45.480+01:00  INFO 10792 --- [    Test worker] ltiTenancyHostelSoftwareApplicationTests : Started MultiTenancyHostelSoftwareApplicationTests in 52.281 seconds (process running for 53.908)
]]></system-out>
  <system-err><![CDATA[]]></system-err>
</testsuite>
