<?xml version="1.0" encoding="UTF-8"?>
<testsuite name="net.hostelHub.MultiTenancyHostelSoftwareApplicationTests" tests="1" skipped="0" failures="0" errors="0" timestamp="2023-09-17T21:13:51" hostname="HUNS-IACADEMY" time="1.401">
  <properties/>
  <testcase name="contextLoads()" classname="net.hostelHub.MultiTenancyHostelSoftwareApplicationTests" time="1.401"/>
  <system-out><![CDATA[Standard Commons Logging discovery in action with spring-jcl: please remove commons-logging.jar from classpath in order to avoid potential conflicts
22:13:06.200 [Test worker] INFO org.springframework.test.context.support.AnnotationConfigContextLoaderUtils -- Could not detect default configuration classes for test class [net.hostelHub.MultiTenancyHostelSoftwareApplicationTests]: MultiTenancyHostelSoftwareApplicationTests does not declare any static, non-private, non-final, nested classes annotated with @Configuration.
22:13:06.338 [Test worker] INFO org.springframework.boot.test.context.SpringBootTestContextBootstrapper -- Found @SpringBootConfiguration net.hostelHub.MultiTenancyHostelSoftwareApplication for test class net.hostelHub.MultiTenancyHostelSoftwareApplicationTests

  .   ____          _            __ _ _
 /\\ / ___'_ __ _ _(_)_ __  __ _ \ \ \ \
( ( )\___ | '_ | '_| | '_ \/ _` | \ \ \ \
 \\/  ___)| |_)| | | | | || (_| |  ) ) ) )
  '  |____| .__|_| |_|_| |_\__, | / / / /
 =========|_|==============|___/=/_/_/_/
 :: Spring Boot ::                (v3.1.3)

2023-09-17T22:13:06.852+01:00  INFO 19252 --- [    Test worker] ltiTenancyHostelSoftwareApplicationTests : Starting MultiTenancyHostelSoftwareApplicationTests using Java 20 with PID 19252 (started by Moses.Hunsu in C:\Users\moses.hunsu\JavaProjects\SpringProjects\multi-tenancy-hostel-software)
2023-09-17T22:13:06.854+01:00  INFO 19252 --- [    Test worker] ltiTenancyHostelSoftwareApplicationTests : No active profile set, falling back to 1 default profile: "default"
2023-09-17T22:13:08.058+01:00  INFO 19252 --- [    Test worker] .s.d.r.c.RepositoryConfigurationDelegate : Bootstrapping Spring Data JPA repositories in DEFAULT mode.
2023-09-17T22:13:08.317+01:00  INFO 19252 --- [    Test worker] .s.d.r.c.RepositoryConfigurationDelegate : Finished Spring Data repository scanning in 251 ms. Found 10 JPA repository interfaces.
2023-09-17T22:13:09.017+01:00  INFO 19252 --- [    Test worker] o.hibernate.jpa.internal.util.LogHelper  : HHH000204: Processing PersistenceUnitInfo [name: default]
2023-09-17T22:13:09.110+01:00  INFO 19252 --- [    Test worker] org.hibernate.Version                    : HHH000412: Hibernate ORM core version 6.2.7.Final
2023-09-17T22:13:09.114+01:00  INFO 19252 --- [    Test worker] org.hibernate.cfg.Environment            : HHH000406: Using bytecode reflection optimizer
2023-09-17T22:13:09.293+01:00  INFO 19252 --- [    Test worker] o.h.b.i.BytecodeProviderInitiator        : HHH000021: Bytecode provider name : bytebuddy
2023-09-17T22:13:09.478+01:00  INFO 19252 --- [    Test worker] o.s.o.j.p.SpringPersistenceUnitInfo      : No LoadTimeWeaver setup: ignoring JPA class transformer
2023-09-17T22:13:09.502+01:00  INFO 19252 --- [    Test worker] com.zaxxer.hikari.HikariDataSource       : HikariPool-1 - Starting...
2023-09-17T22:13:14.411+01:00  INFO 19252 --- [    Test worker] com.zaxxer.hikari.pool.HikariPool        : HikariPool-1 - Added connection com.mysql.cj.jdbc.ConnectionImpl@2b1d1a5
2023-09-17T22:13:14.419+01:00  INFO 19252 --- [    Test worker] com.zaxxer.hikari.HikariDataSource       : HikariPool-1 - Start completed.
2023-09-17T22:13:15.701+01:00  INFO 19252 --- [    Test worker] o.h.b.i.BytecodeProviderInitiator        : HHH000021: Bytecode provider name : bytebuddy
2023-09-17T22:13:16.902+01:00  INFO 19252 --- [    Test worker] o.h.e.t.j.p.i.JtaPlatformInitiator       : HHH000490: Using JtaPlatform implementation: [org.hibernate.engine.transaction.jta.platform.internal.NoJtaPlatform]
2023-09-17T22:13:46.903+01:00  INFO 19252 --- [    Test worker] j.LocalContainerEntityManagerFactoryBean : Initialized JPA EntityManagerFactory for persistence unit 'default'
2023-09-17T22:13:48.643+01:00  INFO 19252 --- [    Test worker] o.s.d.j.r.query.QueryEnhancerFactory     : Hibernate is in classpath; If applicable, HQL parser will be used.
2023-09-17T22:13:50.269+01:00  WARN 19252 --- [    Test worker] JpaBaseConfiguration$JpaWebConfiguration : spring.jpa.open-in-view is enabled by default. Therefore, database queries may be performed during view rendering. Explicitly configure spring.jpa.open-in-view to disable this warning
2023-09-17T22:13:50.737+01:00  INFO 19252 --- [    Test worker] o.s.s.web.DefaultSecurityFilterChain     : Will secure any request with [org.springframework.security.web.session.DisableEncodeUrlFilter@46270641, org.springframework.security.web.context.request.async.WebAsyncManagerIntegrationFilter@4ce824a7, org.springframework.security.web.context.SecurityContextHolderFilter@5b7737eb, org.springframework.security.web.header.HeaderWriterFilter@f25106c, org.springframework.web.filter.CorsFilter@278e51f1, org.springframework.security.web.authentication.logout.LogoutFilter@356285d9, net.hostelHub.filter.JwtAuthenticationFilter@52f1f54, org.springframework.security.web.authentication.UsernamePasswordAuthenticationFilter@746f2b91, org.springframework.security.web.authentication.ui.DefaultLoginPageGeneratingFilter@397fd951, org.springframework.security.web.authentication.ui.DefaultLogoutPageGeneratingFilter@2ff61c95, org.springframework.security.web.authentication.www.BasicAuthenticationFilter@56fb87cd, org.springframework.security.web.savedrequest.RequestCacheAwareFilter@13553b2e, org.springframework.security.web.servletapi.SecurityContextHolderAwareRequestFilter@5efb3259, org.springframework.security.web.authentication.AnonymousAuthenticationFilter@519d1224, org.springframework.security.web.session.SessionManagementFilter@6ce07db6, org.springframework.security.web.access.ExceptionTranslationFilter@114b81af, org.springframework.security.web.access.intercept.AuthorizationFilter@280aa1bd]
2023-09-17T22:13:51.279+01:00  INFO 19252 --- [    Test worker] ltiTenancyHostelSoftwareApplicationTests : Started MultiTenancyHostelSoftwareApplicationTests in 44.734 seconds (process running for 46.49)
]]></system-out>
  <system-err><![CDATA[]]></system-err>
</testsuite>
