<?xml version="1.0" encoding="UTF-8"?>
<testsuite name="net.hostelHub.MultiTenancyHostelSoftwareApplicationTests" tests="1" skipped="0" failures="0" errors="0" timestamp="2023-09-17T22:33:26" hostname="HUNS-IACADEMY" time="1.156">
  <properties/>
  <testcase name="contextLoads()" classname="net.hostelHub.MultiTenancyHostelSoftwareApplicationTests" time="1.156"/>
  <system-out><![CDATA[Standard Commons Logging discovery in action with spring-jcl: please remove commons-logging.jar from classpath in order to avoid potential conflicts
23:32:43.014 [Test worker] INFO org.springframework.test.context.support.AnnotationConfigContextLoaderUtils -- Could not detect default configuration classes for test class [net.hostelHub.MultiTenancyHostelSoftwareApplicationTests]: MultiTenancyHostelSoftwareApplicationTests does not declare any static, non-private, non-final, nested classes annotated with @Configuration.
23:32:43.180 [Test worker] INFO org.springframework.boot.test.context.SpringBootTestContextBootstrapper -- Found @SpringBootConfiguration net.hostelHub.MultiTenancyHostelSoftwareApplication for test class net.hostelHub.MultiTenancyHostelSoftwareApplicationTests

  .   ____          _            __ _ _
 /\\ / ___'_ __ _ _(_)_ __  __ _ \ \ \ \
( ( )\___ | '_ | '_| | '_ \/ _` | \ \ \ \
 \\/  ___)| |_)| | | | | || (_| |  ) ) ) )
  '  |____| .__|_| |_|_| |_\__, | / / / /
 =========|_|==============|___/=/_/_/_/
 :: Spring Boot ::                (v3.1.3)

2023-09-17T23:32:43.797+01:00  INFO 15668 --- [    Test worker] ltiTenancyHostelSoftwareApplicationTests : Starting MultiTenancyHostelSoftwareApplicationTests using Java 20 with PID 15668 (started by Moses.Hunsu in C:\Users\moses.hunsu\JavaProjects\SpringProjects\multi-tenancy-hostel-software)
2023-09-17T23:32:43.800+01:00  INFO 15668 --- [    Test worker] ltiTenancyHostelSoftwareApplicationTests : No active profile set, falling back to 1 default profile: "default"
2023-09-17T23:32:45.596+01:00  INFO 15668 --- [    Test worker] .s.d.r.c.RepositoryConfigurationDelegate : Bootstrapping Spring Data JPA repositories in DEFAULT mode.
2023-09-17T23:32:45.940+01:00  INFO 15668 --- [    Test worker] .s.d.r.c.RepositoryConfigurationDelegate : Finished Spring Data repository scanning in 330 ms. Found 10 JPA repository interfaces.
2023-09-17T23:32:46.957+01:00  INFO 15668 --- [    Test worker] o.hibernate.jpa.internal.util.LogHelper  : HHH000204: Processing PersistenceUnitInfo [name: default]
2023-09-17T23:32:47.077+01:00  INFO 15668 --- [    Test worker] org.hibernate.Version                    : HHH000412: Hibernate ORM core version 6.2.7.Final
2023-09-17T23:32:47.082+01:00  INFO 15668 --- [    Test worker] org.hibernate.cfg.Environment            : HHH000406: Using bytecode reflection optimizer
2023-09-17T23:32:47.434+01:00  INFO 15668 --- [    Test worker] o.h.b.i.BytecodeProviderInitiator        : HHH000021: Bytecode provider name : bytebuddy
2023-09-17T23:32:47.733+01:00  INFO 15668 --- [    Test worker] o.s.o.j.p.SpringPersistenceUnitInfo      : No LoadTimeWeaver setup: ignoring JPA class transformer
2023-09-17T23:32:47.772+01:00  INFO 15668 --- [    Test worker] com.zaxxer.hikari.HikariDataSource       : HikariPool-1 - Starting...
2023-09-17T23:32:52.432+01:00  INFO 15668 --- [    Test worker] com.zaxxer.hikari.pool.HikariPool        : HikariPool-1 - Added connection com.mysql.cj.jdbc.ConnectionImpl@2375a976
2023-09-17T23:32:52.435+01:00  INFO 15668 --- [    Test worker] com.zaxxer.hikari.HikariDataSource       : HikariPool-1 - Start completed.
2023-09-17T23:32:53.450+01:00  INFO 15668 --- [    Test worker] o.h.b.i.BytecodeProviderInitiator        : HHH000021: Bytecode provider name : bytebuddy
2023-09-17T23:32:54.271+01:00  INFO 15668 --- [    Test worker] o.h.e.t.j.p.i.JtaPlatformInitiator       : HHH000490: Using JtaPlatform implementation: [org.hibernate.engine.transaction.jta.platform.internal.NoJtaPlatform]
2023-09-17T23:33:22.554+01:00  INFO 15668 --- [    Test worker] j.LocalContainerEntityManagerFactoryBean : Initialized JPA EntityManagerFactory for persistence unit 'default'
2023-09-17T23:33:23.638+01:00  INFO 15668 --- [    Test worker] o.s.d.j.r.query.QueryEnhancerFactory     : Hibernate is in classpath; If applicable, HQL parser will be used.
2023-09-17T23:33:25.366+01:00  WARN 15668 --- [    Test worker] JpaBaseConfiguration$JpaWebConfiguration : spring.jpa.open-in-view is enabled by default. Therefore, database queries may be performed during view rendering. Explicitly configure spring.jpa.open-in-view to disable this warning
2023-09-17T23:33:25.855+01:00  INFO 15668 --- [    Test worker] o.s.s.web.DefaultSecurityFilterChain     : Will secure any request with [org.springframework.security.web.session.DisableEncodeUrlFilter@46270641, org.springframework.security.web.context.request.async.WebAsyncManagerIntegrationFilter@4ce824a7, org.springframework.security.web.context.SecurityContextHolderFilter@24555012, org.springframework.security.web.header.HeaderWriterFilter@4ef435f3, org.springframework.web.filter.CorsFilter@278e51f1, org.springframework.security.web.authentication.logout.LogoutFilter@2ae6cde4, net.hostelHub.filter.JwtAuthenticationFilter@3644d305, org.springframework.security.web.authentication.UsernamePasswordAuthenticationFilter@746f2b91, org.springframework.security.web.authentication.ui.DefaultLoginPageGeneratingFilter@65227bd6, org.springframework.security.web.authentication.ui.DefaultLogoutPageGeneratingFilter@2ff61c95, org.springframework.security.web.authentication.www.BasicAuthenticationFilter@56fb87cd, org.springframework.security.web.savedrequest.RequestCacheAwareFilter@3415ecfe, org.springframework.security.web.servletapi.SecurityContextHolderAwareRequestFilter@64cde9a5, org.springframework.security.web.authentication.AnonymousAuthenticationFilter@519d1224, org.springframework.security.web.session.SessionManagementFilter@216bd6cd, org.springframework.security.web.access.ExceptionTranslationFilter@775b3762, org.springframework.security.web.access.intercept.AuthorizationFilter@280aa1bd]
2023-09-17T23:33:26.312+01:00  INFO 15668 --- [    Test worker] ltiTenancyHostelSoftwareApplicationTests : Started MultiTenancyHostelSoftwareApplicationTests in 42.883 seconds (process running for 45.415)
]]></system-out>
  <system-err><![CDATA[]]></system-err>
</testsuite>
