<?xml version="1.0" encoding="UTF-8"?>
<testsuite name="net.hostelHub.MultiTenancyHostelSoftwareApplicationTests" tests="1" skipped="0" failures="0" errors="0" timestamp="2023-09-17T22:05:04" hostname="HUNS-IACADEMY" time="1.069">
  <properties/>
  <testcase name="contextLoads()" classname="net.hostelHub.MultiTenancyHostelSoftwareApplicationTests" time="1.069"/>
  <system-out><![CDATA[Standard Commons Logging discovery in action with spring-jcl: please remove commons-logging.jar from classpath in order to avoid potential conflicts
23:04:26.666 [Test worker] INFO org.springframework.test.context.support.AnnotationConfigContextLoaderUtils -- Could not detect default configuration classes for test class [net.hostelHub.MultiTenancyHostelSoftwareApplicationTests]: MultiTenancyHostelSoftwareApplicationTests does not declare any static, non-private, non-final, nested classes annotated with @Configuration.
23:04:26.816 [Test worker] INFO org.springframework.boot.test.context.SpringBootTestContextBootstrapper -- Found @SpringBootConfiguration net.hostelHub.MultiTenancyHostelSoftwareApplication for test class net.hostelHub.MultiTenancyHostelSoftwareApplicationTests

  .   ____          _            __ _ _
 /\\ / ___'_ __ _ _(_)_ __  __ _ \ \ \ \
( ( )\___ | '_ | '_| | '_ \/ _` | \ \ \ \
 \\/  ___)| |_)| | | | | || (_| |  ) ) ) )
  '  |____| .__|_| |_|_| |_\__, | / / / /
 =========|_|==============|___/=/_/_/_/
 :: Spring Boot ::                (v3.1.3)

2023-09-17T23:04:27.373+01:00  INFO 13204 --- [    Test worker] ltiTenancyHostelSoftwareApplicationTests : Starting MultiTenancyHostelSoftwareApplicationTests using Java 20 with PID 13204 (started by Moses.Hunsu in C:\Users\moses.hunsu\JavaProjects\SpringProjects\multi-tenancy-hostel-software)
2023-09-17T23:04:27.375+01:00  INFO 13204 --- [    Test worker] ltiTenancyHostelSoftwareApplicationTests : No active profile set, falling back to 1 default profile: "default"
2023-09-17T23:04:28.596+01:00  INFO 13204 --- [    Test worker] .s.d.r.c.RepositoryConfigurationDelegate : Bootstrapping Spring Data JPA repositories in DEFAULT mode.
2023-09-17T23:04:28.842+01:00  INFO 13204 --- [    Test worker] .s.d.r.c.RepositoryConfigurationDelegate : Finished Spring Data repository scanning in 235 ms. Found 10 JPA repository interfaces.
2023-09-17T23:04:29.641+01:00  INFO 13204 --- [    Test worker] o.hibernate.jpa.internal.util.LogHelper  : HHH000204: Processing PersistenceUnitInfo [name: default]
2023-09-17T23:04:29.785+01:00  INFO 13204 --- [    Test worker] org.hibernate.Version                    : HHH000412: Hibernate ORM core version 6.2.7.Final
2023-09-17T23:04:29.789+01:00  INFO 13204 --- [    Test worker] org.hibernate.cfg.Environment            : HHH000406: Using bytecode reflection optimizer
2023-09-17T23:04:30.023+01:00  INFO 13204 --- [    Test worker] o.h.b.i.BytecodeProviderInitiator        : HHH000021: Bytecode provider name : bytebuddy
2023-09-17T23:04:30.233+01:00  INFO 13204 --- [    Test worker] o.s.o.j.p.SpringPersistenceUnitInfo      : No LoadTimeWeaver setup: ignoring JPA class transformer
2023-09-17T23:04:30.262+01:00  INFO 13204 --- [    Test worker] com.zaxxer.hikari.HikariDataSource       : HikariPool-1 - Starting...
2023-09-17T23:04:34.682+01:00  INFO 13204 --- [    Test worker] com.zaxxer.hikari.pool.HikariPool        : HikariPool-1 - Added connection com.mysql.cj.jdbc.ConnectionImpl@3573e19d
2023-09-17T23:04:34.690+01:00  INFO 13204 --- [    Test worker] com.zaxxer.hikari.HikariDataSource       : HikariPool-1 - Start completed.
2023-09-17T23:04:35.663+01:00  INFO 13204 --- [    Test worker] o.h.b.i.BytecodeProviderInitiator        : HHH000021: Bytecode provider name : bytebuddy
2023-09-17T23:04:36.616+01:00  INFO 13204 --- [    Test worker] o.h.e.t.j.p.i.JtaPlatformInitiator       : HHH000490: Using JtaPlatform implementation: [org.hibernate.engine.transaction.jta.platform.internal.NoJtaPlatform]
2023-09-17T23:05:02.365+01:00  INFO 13204 --- [    Test worker] j.LocalContainerEntityManagerFactoryBean : Initialized JPA EntityManagerFactory for persistence unit 'default'
2023-09-17T23:05:02.735+01:00  INFO 13204 --- [    Test worker] o.s.d.j.r.query.QueryEnhancerFactory     : Hibernate is in classpath; If applicable, HQL parser will be used.
2023-09-17T23:05:03.626+01:00  WARN 13204 --- [    Test worker] JpaBaseConfiguration$JpaWebConfiguration : spring.jpa.open-in-view is enabled by default. Therefore, database queries may be performed during view rendering. Explicitly configure spring.jpa.open-in-view to disable this warning
2023-09-17T23:05:03.929+01:00  INFO 13204 --- [    Test worker] o.s.s.web.DefaultSecurityFilterChain     : Will secure any request with [org.springframework.security.web.session.DisableEncodeUrlFilter@28062dc2, org.springframework.security.web.context.request.async.WebAsyncManagerIntegrationFilter@47d32e33, org.springframework.security.web.context.SecurityContextHolderFilter@4b13aca4, org.springframework.security.web.header.HeaderWriterFilter@397fd951, org.springframework.web.filter.CorsFilter@1f1e4e04, org.springframework.security.web.authentication.logout.LogoutFilter@2f67401, net.hostelHub.filter.JwtAuthenticationFilter@328446e1, org.springframework.security.web.authentication.UsernamePasswordAuthenticationFilter@4812c244, org.springframework.security.web.authentication.ui.DefaultLoginPageGeneratingFilter@1925be93, org.springframework.security.web.authentication.ui.DefaultLogoutPageGeneratingFilter@4a5e1a3a, org.springframework.security.web.authentication.www.BasicAuthenticationFilter@d9c54cd, org.springframework.security.web.savedrequest.RequestCacheAwareFilter@6cee6eb7, org.springframework.security.web.servletapi.SecurityContextHolderAwareRequestFilter@356285d9, org.springframework.security.web.authentication.AnonymousAuthenticationFilter@532f568e, org.springframework.security.web.session.SessionManagementFilter@68c7162b, org.springframework.security.web.access.ExceptionTranslationFilter@62ccf42c, org.springframework.security.web.access.intercept.AuthorizationFilter@4c48ccc4]
2023-09-17T23:05:04.292+01:00  INFO 13204 --- [    Test worker] ltiTenancyHostelSoftwareApplicationTests : Started MultiTenancyHostelSoftwareApplicationTests in 37.255 seconds (process running for 39.596)
]]></system-out>
  <system-err><![CDATA[]]></system-err>
</testsuite>
