<?xml version="1.0" encoding="UTF-8"?>
<testsuite name="net.hostelHub.MultiTenancyHostelSoftwareApplicationTests" tests="1" skipped="0" failures="0" errors="0" timestamp="2023-09-19T12:12:52" hostname="HUNS-IACADEMY" time="0.96">
  <properties/>
  <testcase name="contextLoads()" classname="net.hostelHub.MultiTenancyHostelSoftwareApplicationTests" time="0.96"/>
  <system-out><![CDATA[Standard Commons Logging discovery in action with spring-jcl: please remove commons-logging.jar from classpath in order to avoid potential conflicts
13:12:24.173 [Test worker] INFO org.springframework.test.context.support.AnnotationConfigContextLoaderUtils -- Could not detect default configuration classes for test class [net.hostelHub.MultiTenancyHostelSoftwareApplicationTests]: MultiTenancyHostelSoftwareApplicationTests does not declare any static, non-private, non-final, nested classes annotated with @Configuration.
13:12:24.306 [Test worker] INFO org.springframework.boot.test.context.SpringBootTestContextBootstrapper -- Found @SpringBootConfiguration net.hostelHub.MultiTenancyHostelSoftwareApplication for test class net.hostelHub.MultiTenancyHostelSoftwareApplicationTests

  .   ____          _            __ _ _
 /\\ / ___'_ __ _ _(_)_ __  __ _ \ \ \ \
( ( )\___ | '_ | '_| | '_ \/ _` | \ \ \ \
 \\/  ___)| |_)| | | | | || (_| |  ) ) ) )
  '  |____| .__|_| |_|_| |_\__, | / / / /
 =========|_|==============|___/=/_/_/_/
 :: Spring Boot ::                (v3.1.3)

2023-09-19T13:12:24.748+01:00  INFO 18280 --- [    Test worker] ltiTenancyHostelSoftwareApplicationTests : Starting MultiTenancyHostelSoftwareApplicationTests using Java 20 with PID 18280 (started by Moses.Hunsu in C:\Users\moses.hunsu\JavaProjects\SpringProjects\multi-tenancy-hostel-software)
2023-09-19T13:12:24.750+01:00  INFO 18280 --- [    Test worker] ltiTenancyHostelSoftwareApplicationTests : No active profile set, falling back to 1 default profile: "default"
2023-09-19T13:12:25.800+01:00  INFO 18280 --- [    Test worker] .s.d.r.c.RepositoryConfigurationDelegate : Bootstrapping Spring Data JPA repositories in DEFAULT mode.
2023-09-19T13:12:25.994+01:00  INFO 18280 --- [    Test worker] .s.d.r.c.RepositoryConfigurationDelegate : Finished Spring Data repository scanning in 186 ms. Found 10 JPA repository interfaces.
2023-09-19T13:12:26.645+01:00  INFO 18280 --- [    Test worker] o.hibernate.jpa.internal.util.LogHelper  : HHH000204: Processing PersistenceUnitInfo [name: default]
2023-09-19T13:12:26.711+01:00  INFO 18280 --- [    Test worker] org.hibernate.Version                    : HHH000412: Hibernate ORM core version 6.2.7.Final
2023-09-19T13:12:26.714+01:00  INFO 18280 --- [    Test worker] org.hibernate.cfg.Environment            : HHH000406: Using bytecode reflection optimizer
2023-09-19T13:12:26.880+01:00  INFO 18280 --- [    Test worker] o.h.b.i.BytecodeProviderInitiator        : HHH000021: Bytecode provider name : bytebuddy
2023-09-19T13:12:27.045+01:00  INFO 18280 --- [    Test worker] o.s.o.j.p.SpringPersistenceUnitInfo      : No LoadTimeWeaver setup: ignoring JPA class transformer
2023-09-19T13:12:27.072+01:00  INFO 18280 --- [    Test worker] com.zaxxer.hikari.HikariDataSource       : HikariPool-1 - Starting...
2023-09-19T13:12:30.096+01:00  INFO 18280 --- [    Test worker] com.zaxxer.hikari.pool.HikariPool        : HikariPool-1 - Added connection com.mysql.cj.jdbc.ConnectionImpl@36638b59
2023-09-19T13:12:30.105+01:00  INFO 18280 --- [    Test worker] com.zaxxer.hikari.HikariDataSource       : HikariPool-1 - Start completed.
2023-09-19T13:12:31.139+01:00  INFO 18280 --- [    Test worker] o.h.b.i.BytecodeProviderInitiator        : HHH000021: Bytecode provider name : bytebuddy
2023-09-19T13:12:32.109+01:00  INFO 18280 --- [    Test worker] o.h.e.t.j.p.i.JtaPlatformInitiator       : HHH000490: Using JtaPlatform implementation: [org.hibernate.engine.transaction.jta.platform.internal.NoJtaPlatform]
2023-09-19T13:12:49.692+01:00  INFO 18280 --- [    Test worker] j.LocalContainerEntityManagerFactoryBean : Initialized JPA EntityManagerFactory for persistence unit 'default'
2023-09-19T13:12:50.231+01:00  INFO 18280 --- [    Test worker] o.s.d.j.r.query.QueryEnhancerFactory     : Hibernate is in classpath; If applicable, HQL parser will be used.
2023-09-19T13:12:51.262+01:00  WARN 18280 --- [    Test worker] JpaBaseConfiguration$JpaWebConfiguration : spring.jpa.open-in-view is enabled by default. Therefore, database queries may be performed during view rendering. Explicitly configure spring.jpa.open-in-view to disable this warning
2023-09-19T13:12:51.637+01:00  INFO 18280 --- [    Test worker] o.s.s.web.DefaultSecurityFilterChain     : Will secure any request with [org.springframework.security.web.session.DisableEncodeUrlFilter@dd3586e, org.springframework.security.web.context.request.async.WebAsyncManagerIntegrationFilter@605049be, org.springframework.security.web.context.SecurityContextHolderFilter@79715834, org.springframework.security.web.header.HeaderWriterFilter@789cdc12, org.springframework.web.filter.CorsFilter@5ae50044, org.springframework.security.web.authentication.logout.LogoutFilter@4d5bfb1a, net.hostelHub.filter.JwtAuthenticationFilter@4928a347, org.springframework.security.web.authentication.UsernamePasswordAuthenticationFilter@5a26a14, org.springframework.security.web.authentication.ui.DefaultLoginPageGeneratingFilter@3af5f0da, org.springframework.security.web.authentication.ui.DefaultLogoutPageGeneratingFilter@73d7b6b0, org.springframework.security.web.authentication.www.BasicAuthenticationFilter@1f1e4e04, org.springframework.security.web.savedrequest.RequestCacheAwareFilter@72a80668, org.springframework.security.web.servletapi.SecurityContextHolderAwareRequestFilter@6bd8d8a7, org.springframework.security.web.authentication.AnonymousAuthenticationFilter@64d0908c, org.springframework.security.web.session.SessionManagementFilter@1925be93, org.springframework.security.web.access.ExceptionTranslationFilter@314e2b4b, org.springframework.security.web.access.intercept.AuthorizationFilter@56ed024b]
2023-09-19T13:12:52.086+01:00  INFO 18280 --- [    Test worker] ltiTenancyHostelSoftwareApplicationTests : Started MultiTenancyHostelSoftwareApplicationTests in 27.602 seconds (process running for 29.226)
]]></system-out>
  <system-err><![CDATA[]]></system-err>
</testsuite>
