<?xml version="1.0" encoding="UTF-8"?>
<testsuite name="net.hostelHub.MultiTenancyHostelSoftwareApplicationTests" tests="1" skipped="0" failures="0" errors="0" timestamp="2023-09-18T04:26:36" hostname="HUNS-IACADEMY" time="1.071">
  <properties/>
  <testcase name="contextLoads()" classname="net.hostelHub.MultiTenancyHostelSoftwareApplicationTests" time="1.071"/>
  <system-out><![CDATA[Standard Commons Logging discovery in action with spring-jcl: please remove commons-logging.jar from classpath in order to avoid potential conflicts
05:26:04.956 [Test worker] INFO org.springframework.test.context.support.AnnotationConfigContextLoaderUtils -- Could not detect default configuration classes for test class [net.hostelHub.MultiTenancyHostelSoftwareApplicationTests]: MultiTenancyHostelSoftwareApplicationTests does not declare any static, non-private, non-final, nested classes annotated with @Configuration.
05:26:05.080 [Test worker] INFO org.springframework.boot.test.context.SpringBootTestContextBootstrapper -- Found @SpringBootConfiguration net.hostelHub.MultiTenancyHostelSoftwareApplication for test class net.hostelHub.MultiTenancyHostelSoftwareApplicationTests

  .   ____          _            __ _ _
 /\\ / ___'_ __ _ _(_)_ __  __ _ \ \ \ \
( ( )\___ | '_ | '_| | '_ \/ _` | \ \ \ \
 \\/  ___)| |_)| | | | | || (_| |  ) ) ) )
  '  |____| .__|_| |_|_| |_\__, | / / / /
 =========|_|==============|___/=/_/_/_/
 :: Spring Boot ::                (v3.1.3)

2023-09-18T05:26:05.524+01:00  INFO 22452 --- [    Test worker] ltiTenancyHostelSoftwareApplicationTests : Starting MultiTenancyHostelSoftwareApplicationTests using Java 20 with PID 22452 (started by Moses.Hunsu in C:\Users\moses.hunsu\JavaProjects\SpringProjects\multi-tenancy-hostel-software)
2023-09-18T05:26:05.525+01:00  INFO 22452 --- [    Test worker] ltiTenancyHostelSoftwareApplicationTests : No active profile set, falling back to 1 default profile: "default"
2023-09-18T05:26:06.715+01:00  INFO 22452 --- [    Test worker] .s.d.r.c.RepositoryConfigurationDelegate : Bootstrapping Spring Data JPA repositories in DEFAULT mode.
2023-09-18T05:26:06.953+01:00  INFO 22452 --- [    Test worker] .s.d.r.c.RepositoryConfigurationDelegate : Finished Spring Data repository scanning in 227 ms. Found 10 JPA repository interfaces.
2023-09-18T05:26:07.608+01:00  INFO 22452 --- [    Test worker] o.hibernate.jpa.internal.util.LogHelper  : HHH000204: Processing PersistenceUnitInfo [name: default]
2023-09-18T05:26:07.695+01:00  INFO 22452 --- [    Test worker] org.hibernate.Version                    : HHH000412: Hibernate ORM core version 6.2.7.Final
2023-09-18T05:26:07.698+01:00  INFO 22452 --- [    Test worker] org.hibernate.cfg.Environment            : HHH000406: Using bytecode reflection optimizer
2023-09-18T05:26:07.881+01:00  INFO 22452 --- [    Test worker] o.h.b.i.BytecodeProviderInitiator        : HHH000021: Bytecode provider name : bytebuddy
2023-09-18T05:26:08.077+01:00  INFO 22452 --- [    Test worker] o.s.o.j.p.SpringPersistenceUnitInfo      : No LoadTimeWeaver setup: ignoring JPA class transformer
2023-09-18T05:26:08.103+01:00  INFO 22452 --- [    Test worker] com.zaxxer.hikari.HikariDataSource       : HikariPool-1 - Starting...
2023-09-18T05:26:11.724+01:00  INFO 22452 --- [    Test worker] com.zaxxer.hikari.pool.HikariPool        : HikariPool-1 - Added connection com.mysql.cj.jdbc.ConnectionImpl@d180961
2023-09-18T05:26:11.726+01:00  INFO 22452 --- [    Test worker] com.zaxxer.hikari.HikariDataSource       : HikariPool-1 - Start completed.
2023-09-18T05:26:12.670+01:00  INFO 22452 --- [    Test worker] o.h.b.i.BytecodeProviderInitiator        : HHH000021: Bytecode provider name : bytebuddy
2023-09-18T05:26:13.642+01:00  INFO 22452 --- [    Test worker] o.h.e.t.j.p.i.JtaPlatformInitiator       : HHH000490: Using JtaPlatform implementation: [org.hibernate.engine.transaction.jta.platform.internal.NoJtaPlatform]
2023-09-18T05:26:34.193+01:00  INFO 22452 --- [    Test worker] j.LocalContainerEntityManagerFactoryBean : Initialized JPA EntityManagerFactory for persistence unit 'default'
2023-09-18T05:26:34.692+01:00  INFO 22452 --- [    Test worker] o.s.d.j.r.query.QueryEnhancerFactory     : Hibernate is in classpath; If applicable, HQL parser will be used.
2023-09-18T05:26:35.788+01:00  WARN 22452 --- [    Test worker] JpaBaseConfiguration$JpaWebConfiguration : spring.jpa.open-in-view is enabled by default. Therefore, database queries may be performed during view rendering. Explicitly configure spring.jpa.open-in-view to disable this warning
2023-09-18T05:26:36.161+01:00  INFO 22452 --- [    Test worker] o.s.s.web.DefaultSecurityFilterChain     : Will secure any request with [org.springframework.security.web.session.DisableEncodeUrlFilter@24287e5e, org.springframework.security.web.context.request.async.WebAsyncManagerIntegrationFilter@1ae9cfca, org.springframework.security.web.context.SecurityContextHolderFilter@314e2b4b, org.springframework.security.web.header.HeaderWriterFilter@6cee6eb7, org.springframework.web.filter.CorsFilter@d9c54cd, org.springframework.security.web.authentication.logout.LogoutFilter@34577542, net.hostelHub.filter.JwtAuthenticationFilter@135ddb56, org.springframework.security.web.authentication.UsernamePasswordAuthenticationFilter@1d93bd2a, org.springframework.security.web.authentication.ui.DefaultLoginPageGeneratingFilter@3108d1e1, org.springframework.security.web.authentication.ui.DefaultLogoutPageGeneratingFilter@1b786da0, org.springframework.security.web.authentication.www.BasicAuthenticationFilter@56ed024b, org.springframework.security.web.savedrequest.RequestCacheAwareFilter@789cdc12, org.springframework.security.web.servletapi.SecurityContextHolderAwareRequestFilter@2ec3c213, org.springframework.security.web.authentication.AnonymousAuthenticationFilter@7c453a1f, org.springframework.security.web.session.SessionManagementFilter@1d891373, org.springframework.security.web.access.ExceptionTranslationFilter@4b13aca4, org.springframework.security.web.access.intercept.AuthorizationFilter@1604ad0f]
2023-09-18T05:26:36.595+01:00  INFO 22452 --- [    Test worker] ltiTenancyHostelSoftwareApplicationTests : Started MultiTenancyHostelSoftwareApplicationTests in 31.314 seconds (process running for 32.739)
]]></system-out>
  <system-err><![CDATA[]]></system-err>
</testsuite>
