<?xml version="1.0" encoding="UTF-8"?>
<testsuite name="net.hostelHub.service.HostelPropertyServiceTests" tests="1" skipped="0" failures="0" errors="0" timestamp="2023-09-19T12:12:53" hostname="HUNS-IACADEMY" time="0.556">
  <properties/>
  <testcase name="JUnit test for register property method" classname="net.hostelHub.service.HostelPropertyServiceTests" time="0.556"/>
  <system-out><![CDATA[hostelPropertyRequest = net.hostelHub.dto.properties.HostelPropertyRequest@589b0021
savedHostelProperty = <201 CREATED Created,Response(responseCode=003, responseMessage=Property successfully added, data=Data(uniqueCode=180338, email=moses@gmail.com, username=moses)),[]>
]]></system-out>
  <system-err><![CDATA[]]></system-err>
</testsuite>
